# JRE version: OpenJDK Runtime Environment (17.0.6) (build 17.0.6+0-b2043.56-10027231)
# Java VM: OpenJDK 64-Bit Server VM (17.0.6+0-b2043.56-10027231, mixed mode, tiered, compressed oops, compressed class ptrs, g1 gc, windows-amd64)
GC Precious Log:
 CPUs: 8 total, 8 available
 Memory: 16179M
 Large Page Support: Disabled
 NUMA Support: Disabled
 Compressed Oops: Enabled (32-bit)
 Heap Region Size: 1M
 Heap Min Capacity: 8M
 Heap Initial Capacity: 254M
 Heap Max Capacity: 2G
 Pre-touch: Disabled
 Parallel Workers: 8
 Concurrent Workers: 2
 Concurrent Refinement Workers: 8
 Periodic GC: Disabled
Heap:
 garbage-first heap   total 434176K, used 306742K [0x0000000080000000, 0x0000000100000000)
  region size 1024K, 50 young (51200K), 13 survivors (13312K)
 Metaspace       used 176764K, committed 177856K, reserved 1204224K
  class space    used 22743K, committed 23296K, reserved 1048576K
GC Heap History (20 events):
Event: 27.207 GC heap before
{Heap before GC invocations=69 (full 0):
 garbage-first heap   total 388096K, used 306948K [0x0000000080000000, 0x0000000100000000)
  region size 1024K, 91 young (93184K), 6 survivors (6144K)
 Metaspace       used 149499K, committed 150400K, reserved 1179648K
  class space    used 19443K, committed 19904K, reserved 1048576K
}
Event: 27.212 GC heap after
{Heap after GC invocations=70 (full 0):
 garbage-first heap   total 388096K, used 222693K [0x0000000080000000, 0x0000000100000000)
  region size 1024K, 9 young (9216K), 9 survivors (9216K)
 Metaspace       used 149499K, committed 150400K, reserved 1179648K
  class space    used 19443K, committed 19904K, reserved 1048576K
}
Event: 28.410 GC heap before
{Heap before GC invocations=70 (full 0):
 garbage-first heap   total 388096K, used 312805K [0x0000000080000000, 0x0000000100000000)
  region size 1024K, 97 young (99328K), 9 survivors (9216K)
 Metaspace       used 149500K, committed 150400K, reserved 1179648K
  class space    used 19443K, committed 19904K, reserved 1048576K
}
Event: 28.416 GC heap after
{Heap after GC invocations=71 (full 0):
 garbage-first heap   total 388096K, used 225230K [0x0000000080000000, 0x0000000100000000)
  region size 1024K, 8 young (8192K), 8 survivors (8192K)
 Metaspace       used 149500K, committed 150400K, reserved 1179648K
  class space    used 19443K, committed 19904K, reserved 1048576K
}
Event: 29.845 GC heap before
{Heap before GC invocations=72 (full 0):
 garbage-first heap   total 394240K, used 334798K [0x0000000080000000, 0x0000000100000000)
  region size 1024K, 99 young (101376K), 8 survivors (8192K)
 Metaspace       used 149537K, committed 150400K, reserved 1179648K
  class space    used 19454K, committed 19904K, reserved 1048576K
}
Event: 29.853 GC heap after
{Heap after GC invocations=73 (full 0):
 garbage-first heap   total 394240K, used 242461K [0x0000000080000000, 0x0000000100000000)
  region size 1024K, 10 young (10240K), 10 survivors (10240K)
 Metaspace       used 149537K, committed 150400K, reserved 1179648K
  class space    used 19454K, committed 19904K, reserved 1048576K
}
Event: 29.883 GC heap before
{Heap before GC invocations=73 (full 0):
 garbage-first heap   total 394240K, used 251677K [0x0000000080000000, 0x0000000100000000)
  region size 1024K, 19 young (19456K), 10 survivors (10240K)
 Metaspace       used 149537K, committed 150400K, reserved 1179648K
  class space    used 19454K, committed 19904K, reserved 1048576K
}
Event: 29.893 GC heap after
{Heap after GC invocations=74 (full 0):
 garbage-first heap   total 394240K, used 232159K [0x0000000080000000, 0x0000000100000000)
  region size 1024K, 3 young (3072K), 3 survivors (3072K)
 Metaspace       used 149537K, committed 150400K, reserved 1179648K
  class space    used 19454K, committed 19904K, reserved 1048576K
}
Event: 31.600 GC heap before
{Heap before GC invocations=74 (full 0):
 garbage-first heap   total 394240K, used 325343K [0x0000000080000000, 0x0000000100000000)
  region size 1024K, 93 young (95232K), 3 survivors (3072K)
 Metaspace       used 161324K, committed 162112K, reserved 1196032K
  class space    used 20878K, committed 21248K, reserved 1048576K
}
Event: 31.608 GC heap after
{Heap after GC invocations=75 (full 0):
 garbage-first heap   total 394240K, used 238854K [0x0000000080000000, 0x0000000100000000)
  region size 1024K, 10 young (10240K), 10 survivors (10240K)
 Metaspace       used 161324K, committed 162112K, reserved 1196032K
  class space    used 20878K, committed 21248K, reserved 1048576K
}
Event: 32.402 GC heap before
{Heap before GC invocations=75 (full 0):
 garbage-first heap   total 394240K, used 326918K [0x0000000080000000, 0x0000000100000000)
  region size 1024K, 96 young (98304K), 10 survivors (10240K)
 Metaspace       used 163250K, committed 164096K, reserved 1196032K
  class space    used 21060K, committed 21440K, reserved 1048576K
}
Event: 32.413 GC heap after
{Heap after GC invocations=76 (full 0):
 garbage-first heap   total 394240K, used 248493K [0x0000000080000000, 0x0000000100000000)
  region size 1024K, 10 young (10240K), 10 survivors (10240K)
 Metaspace       used 163250K, committed 164096K, reserved 1196032K
  class space    used 21060K, committed 21440K, reserved 1048576K
}
Event: 33.418 GC heap before
{Heap before GC invocations=76 (full 0):
 garbage-first heap   total 394240K, used 328365K [0x0000000080000000, 0x0000000100000000)
  region size 1024K, 88 young (90112K), 10 survivors (10240K)
 Metaspace       used 167083K, committed 168064K, reserved 1196032K
  class space    used 21546K, committed 22016K, reserved 1048576K
}
Event: 33.428 GC heap after
{Heap after GC invocations=77 (full 0):
 garbage-first heap   total 394240K, used 255331K [0x0000000080000000, 0x0000000100000000)
  region size 1024K, 8 young (8192K), 8 survivors (8192K)
 Metaspace       used 167083K, committed 168064K, reserved 1196032K
  class space    used 21546K, committed 22016K, reserved 1048576K
}
Event: 302.662 GC heap before
{Heap before GC invocations=78 (full 0):
 garbage-first heap   total 434176K, used 325987K [0x0000000080000000, 0x0000000100000000)
  region size 1024K, 80 young (81920K), 8 survivors (8192K)
 Metaspace       used 169696K, committed 170752K, reserved 1204224K
  class space    used 21893K, committed 22400K, reserved 1048576K
}
Event: 302.674 GC heap after
{Heap after GC invocations=79 (full 0):
 garbage-first heap   total 434176K, used 258634K [0x0000000080000000, 0x0000000100000000)
  region size 1024K, 6 young (6144K), 6 survivors (6144K)
 Metaspace       used 169696K, committed 170752K, reserved 1204224K
  class space    used 21893K, committed 22400K, reserved 1048576K
}
Event: 302.908 GC heap before
{Heap before GC invocations=79 (full 0):
 garbage-first heap   total 434176K, used 273994K [0x0000000080000000, 0x0000000100000000)
  region size 1024K, 21 young (21504K), 6 survivors (6144K)
 Metaspace       used 170190K, committed 171328K, reserved 1204224K
  class space    used 21956K, committed 22528K, reserved 1048576K
}
Event: 302.916 GC heap after
{Heap after GC invocations=80 (full 0):
 garbage-first heap   total 434176K, used 257587K [0x0000000080000000, 0x0000000100000000)
  region size 1024K, 3 young (3072K), 3 survivors (3072K)
 Metaspace       used 170190K, committed 171328K, reserved 1204224K
  class space    used 21956K, committed 22528K, reserved 1048576K
}
Event: 304.139 GC heap before
{Heap before GC invocations=80 (full 0):
 garbage-first heap   total 434176K, used 359987K [0x0000000080000000, 0x0000000100000000)
  region size 1024K, 104 young (106496K), 3 survivors (3072K)
 Metaspace       used 174301K, committed 175424K, reserved 1204224K
  class space    used 22481K, committed 23040K, reserved 1048576K
}
Event: 304.149 GC heap after
{Heap after GC invocations=81 (full 0):
 garbage-first heap   total 434176K, used 270902K [0x0000000080000000, 0x0000000100000000)
  region size 1024K, 13 young (13312K), 13 survivors (13312K)
 Metaspace       used 174301K, committed 175424K, reserved 1204224K
  class space    used 22481K, committed 23040K, reserved 1048576K
}

